<?xml version="1.0" encoding="UTF-8"?>
<testsuite name="RatingsTest" tests="21" skipped="0" failures="0" errors="0" timestamp="2024-03-09T17:59:39" hostname="emu-15" time="0.014">
  <properties/>
  <testcase name="testGetMovieRatingsPos1()" classname="RatingsTest" time="0.001"/>
  <testcase name="testSize()" classname="RatingsTest" time="0.0"/>
  <testcase name="testGetMovieAverageRatingNeg()" classname="RatingsTest" time="0.001"/>
  <testcase name="testGetMovieAverageRatingPos()" classname="RatingsTest" time="0.001"/>
  <testcase name="testGetNumRatingsNeg()" classname="RatingsTest" time="0.0"/>
  <testcase name="testGetNumRatingsPos()" classname="RatingsTest" time="0.0"/>
  <testcase name="testGetMostRatedUsersNeg()" classname="RatingsTest" time="0.001"/>
  <testcase name="testGetMostRatedUsersPos()" classname="RatingsTest" time="0.001"/>
  <testcase name="testGetUserRatingsNeg()" classname="RatingsTest" time="0.0"/>
  <testcase name="testGetUserRatingsPos()" classname="RatingsTest" time="0.001"/>
  <testcase name="testRemoveNeg1()" classname="RatingsTest" time="0.0"/>
  <testcase name="testGetUserAverageRatingNeg()" classname="RatingsTest" time="0.001"/>
  <testcase name="testGetUserAverageRatingPos()" classname="RatingsTest" time="0.0"/>
  <testcase name="testGetTopAverageRatedMoviesNeg()" classname="RatingsTest" time="0.001"/>
  <testcase name="testGetTopAverageRatedMoviesPos()" classname="RatingsTest" time="0.0"/>
  <testcase name="testAddNeg()" classname="RatingsTest" time="0.0"/>
  <testcase name="testAddPos()" classname="RatingsTest" time="0.0"/>
  <testcase name="testSetAdd()" classname="RatingsTest" time="0.0"/>
  <testcase name="testSetPos()" classname="RatingsTest" time="0.0"/>
  <testcase name="testRemovePos()" classname="RatingsTest" time="0.0"/>
  <testcase name="testGetMovieRatingsNeg()" classname="RatingsTest" time="0.0"/>
  <system-out><![CDATA[0.1
2.2
1.3
4.4
3.5

Starting testGetMovieRatingsPos...
0.1
2.2
1.3
4.4
3.5

Starting testGetMovieAverageRatingsNeg...

Starting testGetMovieAverageRatings Pos ...

Starting testGetNumRatingsNeg...

Starting testGetNumRatingsPos...

Starting testGetMostRatedUsers ...

Starting testGetMostRatedUsersPos...
101
103
102
105
104

Starting testGetUserRatingsNeg...

Starting testGetUserRatingsPos...

Starting testRemoveNeg...

Starting testGetUserAverageRatingsNeg...

Starting testGetUserAverageRatings Pos ...

StartingGetTopAverageMoviesUsers ...

Starting testGetTopAverageMoviesPos...
205
204
203
202
201

Starting testAddNeg...

Starting testAddPos...

Starting testSetAdd...

Starting testSetPos...

Starting testRemovePos...

Starting testGetMovieRatingsNeg...
]]></system-out>
  <system-err><![CDATA[]]></system-err>
</testsuite>
