<?xml version="1.0" encoding="UTF-8"?>
<testsuite name="CreditsTest" tests="37" skipped="0" failures="0" errors="0" timestamp="2024-03-06T22:31:48" hostname="HOMEWORK-GAMING" time="0.056">
  <properties/>
  <testcase name="testAddNeg()" classname="CreditsTest" time="0.011"/>
  <testcase name="testAddPos()" classname="CreditsTest" time="0.001"/>
  <testcase name="testFindCastNeg()" classname="CreditsTest" time="0.001"/>
  <testcase name="testFindCastPos()" classname="CreditsTest" time="0.001"/>
  <testcase name="testFindCrewNeg()" classname="CreditsTest" time="0.001"/>
  <testcase name="testFindCrewPos()" classname="CreditsTest" time="0.001"/>
  <testcase name="testGetCastFilmsNeg()" classname="CreditsTest" time="0.002"/>
  <testcase name="testGetCastFilmsPos()" classname="CreditsTest" time="0.001"/>
  <testcase name="testGetCastNeg()" classname="CreditsTest" time="0.001"/>
  <testcase name="testGetCastPos()" classname="CreditsTest" time="0.001"/>
  <testcase name="testGetCastStarsInFilmsNeg()" classname="CreditsTest" time="0.001"/>
  <testcase name="testGetCastStarsInFilmsPos()" classname="CreditsTest" time="0.001"/>
  <testcase name="testGetCrewFilmsNeg()" classname="CreditsTest" time="0.0"/>
  <testcase name="testGetCrewFilmsPos()" classname="CreditsTest" time="0.0"/>
  <testcase name="testGetCrewNeg()" classname="CreditsTest" time="0.001"/>
  <testcase name="testGetCrewPos()" classname="CreditsTest" time="0.001"/>
  <testcase name="testGetFilmCastNeg()" classname="CreditsTest" time="0.0"/>
  <testcase name="testGetFilmCastPos()" classname="CreditsTest" time="0.005"/>
  <testcase name="testGetFilmCrewNeg()" classname="CreditsTest" time="0.001"/>
  <testcase name="testGetFilmCrewPos()" classname="CreditsTest" time="0.002"/>
  <testcase name="testGetMostCastCreditsNeg()" classname="CreditsTest" time="0.001"/>
  <testcase name="testGetMostCastCreditsPos()" classname="CreditsTest" time="0.003"/>
  <testcase name="testGetNumCastCreditsNeg()" classname="CreditsTest" time="0.001"/>
  <testcase name="testGetNumCastCreditsPos()" classname="CreditsTest" time="0.002"/>
  <testcase name="testGetUniqueCastNeg()" classname="CreditsTest" time="0.001"/>
  <testcase name="testGetUniqueCastPos()" classname="CreditsTest" time="0.001"/>
  <testcase name="testGetUniqueCrewNeg()" classname="CreditsTest" time="0.0"/>
  <testcase name="testGetUniqueCrewPos()" classname="CreditsTest" time="0.0"/>
  <testcase name="testRemoveNeg()" classname="CreditsTest" time="0.001"/>
  <testcase name="testRemovePos()" classname="CreditsTest" time="0.0"/>
  <testcase name="testRemovePosValues()" classname="CreditsTest" time="0.0"/>
  <testcase name="testSizeNeg()" classname="CreditsTest" time="0.001"/>
  <testcase name="testSizeOfCastNeg()" classname="CreditsTest" time="0.0"/>
  <testcase name="testSizeOfCastPos()" classname="CreditsTest" time="0.0"/>
  <testcase name="testSizeOfCrewNeg()" classname="CreditsTest" time="0.001"/>
  <testcase name="testSizeOfCrewPos()" classname="CreditsTest" time="0.001"/>
  <testcase name="testSizePos()" classname="CreditsTest" time="0.0"/>
  <system-out><![CDATA[
Starting testAddNeg...

Starting testAddPos...

Starting testFindCastNeg...

Starting testFindCastPos...

Starting testFindCrewNeg...

Starting testFindCastPos...

Starting testGetCastFilmsNeg...

Starting testGetCastFilmsPos...

Starting testGetCastNeg...

Starting testGetCastPos...

Starting testGetCastStarsInFilmsNeg...

Starting testGetCastStarsInFilmsPos...

Starting testGetCrewFilmsNeg...

Starting testGetCrewFilmsPos...
201

Starting testGetCrewNeg...

Starting testGetCastPos...

Starting testGetFilmCastNeg...

Starting testGetFilmCastPos...

Starting testGetFilmCrewNeg...

Starting testGetFilmCrewPos...

Starting testGetMostCastCreditsNeg...

Starting testGetMostCastCreditsPos...

Starting testGetNumCastCreditsNeg...

Starting testGetNumCastCreditsPos...3

Starting testGetUniqueCastNeg...

Starting testGetUniqueCastPos...

Starting testGetUniqueCrewNeg...

Starting testGetUniqueCrewPos...

Starting testRemoveNeg...

Starting testRemovePos...

Starting testRemovePosValues...

Starting testSizeNeg...

Starting testSizeOfCastNeg...

Starting testSizeOfCastPos...

Starting testSizeOfCrewNeg...

Starting testSizeOfCrewPos...

Starting testSizePos...
]]></system-out>
  <system-err><![CDATA[]]></system-err>
</testsuite>
